[debug] [2021-10-26T14:35:43.691Z] ----------------------------------------------------------------------
[debug] [2021-10-26T14:35:43.693Z] Command:       C:\Program Files\nodejs\node.exe C:\Users\suvro\AppData\Roaming\npm\node_modules\firebase-tools\lib\bin\firebase.js init
[debug] [2021-10-26T14:35:43.693Z] CLI Version:   9.21.0
[debug] [2021-10-26T14:35:43.693Z] Platform:      win32
[debug] [2021-10-26T14:35:43.693Z] Node Version:  v16.8.0
[debug] [2021-10-26T14:35:43.694Z] Time:          Tue Oct 26 2021 20:35:43 GMT+0600 (Bangladesh Standard Time)
[debug] [2021-10-26T14:35:43.694Z] ----------------------------------------------------------------------
[debug] 
[debug] [2021-10-26T14:35:43.741Z] > command requires scopes: ["email","openid","https://www.googleapis.com/auth/cloudplatformprojects.readonly","https://www.googleapis.com/auth/firebase","https://www.googleapis.com/auth/cloud-platform"]
[debug] [2021-10-26T14:35:43.741Z] > authorizing via signed-in user (suvrow9@gmail.com)
[info] 
     ######## #### ########  ######## ########     ###     ######  ########
     ##        ##  ##     ## ##       ##     ##  ##   ##  ##       ##
     ######    ##  ########  ######   ########  #########  ######  ######
     ##        ##  ##    ##  ##       ##     ## ##     ##       ## ##
     ##       #### ##     ## ######## ########  ##     ##  ######  ########

You're about to initialize a Firebase project in this directory:

  D:\medi-care

Before we get started, keep in mind:

  * You are initializing within an existing Firebase project directory

[info] 
=== Project Setup
[info] 
[info] First, let's associate this project directory with a Firebase project.
[info] You can create multiple project aliases by running firebase use --add, 
[info] but for now we'll just set up a default project.
[info] 
[info] i  .firebaserc already has a default project, using medical-center-website. 
[debug] [2021-10-26T14:35:53.254Z] >>> [apiv2][query] GET https://firebase.googleapis.com/v1beta1/projects/medical-center-website [none]
[debug] [2021-10-26T14:35:53.749Z] <<< [apiv2][status] GET https://firebase.googleapis.com/v1beta1/projects/medical-center-website 403
[debug] [2021-10-26T14:35:53.749Z] <<< [apiv2][body] GET https://firebase.googleapis.com/v1beta1/projects/medical-center-website {"error":{"code":403,"message":"The caller does not have permission","status":"PERMISSION_DENIED"}}
[debug] [2021-10-26T14:35:53.749Z] HTTP Error: 403, The caller does not have permission
[debug] [2021-10-26T14:35:53.946Z] FirebaseError: HTTP Error: 403, The caller does not have permission
    at module.exports (C:\Users\suvro\AppData\Roaming\npm\node_modules\firebase-tools\lib\responseToError.js:38:12)
    at Client.doRequest (C:\Users\suvro\AppData\Roaming\npm\node_modules\firebase-tools\lib\apiv2.js:240:23)
    at processTicksAndRejections (node:internal/process/task_queues:96:5)
    at async Client.request (C:\Users\suvro\AppData\Roaming\npm\node_modules\firebase-tools\lib\apiv2.js:96:20)
    at async Object.getFirebaseProject (C:\Users\suvro\AppData\Roaming\npm\node_modules\firebase-tools\lib\management\projects.js:290:21)
    at async Object.doSetup [as project] (C:\Users\suvro\AppData\Roaming\npm\node_modules\firebase-tools\lib\init\features\project.js:77:27)
    at async init (C:\Users\suvro\AppData\Roaming\npm\node_modules\firebase-tools\lib\init\index.js:19:9)
[error] 
[error] Error: Failed to get Firebase project medical-center-website. Please make sure the project exists and your account has permission to access it.
